{"name": "test_shop_items", "status": "failed", "statusDetails": {"message": "AssertionError: assert 'Thank you! Yourhjsdahashsahjsadk' in '×\\nSuccess! Thank you! Your order will be delivered in next few weeks :-).'\n +  where '×\\nSuccess! Thank you! Your order will be delivered in next few weeks :-).' = <bound method ConfirmationPage.get_successmsg of <pageObjects.ConfimationPage.ConfirmationPage object at 0x04190730>>()\n +    where <bound method ConfirmationPage.get_successmsg of <pageObjects.ConfimationPage.ConfirmationPage object at 0x04190730>> = <pageObjects.ConfimationPage.ConfirmationPage object at 0x04190730>.get_successmsg", "trace": "self = <Tests.test_e2e.Testone object at 0x0417E718>\n\n    @allure.step(\"Adding item to cart and purchasing it!\")\n    def test_shop_items(self):\n        log = self.getlogger()\n        log.info(\"getting all card titles\")\n        checkout = CheckoutPage(self.driver)\n        products = checkout.checkout()\n        for product in products:\n            productname = product.text\n            log.info(productname)\n            if productname == \"Blackberry\":\n                checkout.addtocart()\n        checkout.checkoutbtn().click()\n        confirmpage = checkout.checkoutsuccessbtn()\n        log.info(\"Entering country name as IND\")\n        confirmpage.getcountry().send_keys(\"ind\")\n        self.verifyelementpresence(\"India\")\n        confirmpage.selectcountry().click()\n        confirmpage.checkboxbtn().click()\n        confirmpage.getpurchasebtn().click()\n        log.info(\"Text recieved from application is\" + confirmpage.get_successmsg())\n>       assert \"Thank you! Yourhjsdahashsahjsadk\" in confirmpage.get_successmsg()\nE       AssertionError: assert 'Thank you! Yourhjsdahashsahjsadk' in '×\\nSuccess! Thank you! Your order will be delivered in next few weeks :-).'\nE        +  where '×\\nSuccess! Thank you! Your order will be delivered in next few weeks :-).' = <bound method ConfirmationPage.get_successmsg of <pageObjects.ConfimationPage.ConfirmationPage object at 0x04190730>>()\nE        +    where <bound method ConfirmationPage.get_successmsg of <pageObjects.ConfimationPage.ConfirmationPage object at 0x04190730>> = <pageObjects.ConfimationPage.ConfirmationPage object at 0x04190730>.get_successmsg\n\ntest_e2e.py:46: AssertionError"}, "steps": [{"name": "Adding item to cart and purchasing it!", "status": "failed", "statusDetails": {"message": "AssertionError: assert 'Thank you! Yourhjsdahashsahjsadk' in '×\\nSuccess! Thank you! Your order will be delivered in next few weeks :-).'\n +  where '×\\nSuccess! Thank you! Your order will be delivered in next few weeks :-).' = <bound method ConfirmationPage.get_successmsg of <pageObjects.ConfimationPage.ConfirmationPage object at 0x04190730>>()\n +    where <bound method ConfirmationPage.get_successmsg of <pageObjects.ConfimationPage.ConfirmationPage object at 0x04190730>> = <pageObjects.ConfimationPage.ConfirmationPage object at 0x04190730>.get_successmsg\n", "trace": "  File \"c:\\users\\fleek\\pycharmprojects\\demoframework\\venv\\lib\\site-packages\\allure_commons\\_allure.py\", line 157, in impl\n    return func(*a, **kw)\n  File \"C:\\Users\\Fleek\\PycharmProjects\\DemoFramework\\Tests\\test_e2e.py\", line 46, in test_shop_items\n    assert \"Thank you! Yourhjsdahashsahjsadk\" in confirmpage.get_successmsg()\n"}, "start": 1594034065769, "stop": 1594034071701}], "attachments": [{"name": "Screenshot", "source": "c310b5db-1be1-4bbc-8af0-82db3983f505-attachment.png", "type": "image/png"}, {"name": "log", "source": "7d0e4b31-845f-4601-be87-504d58354428-attachment.txt", "type": "text/plain"}], "start": 1594034065769, "stop": 1594034071702, "uuid": "a1dda101-d403-4020-bd63-dd49bc048693", "historyId": "2736427df0f916f43cd2aa4c09184c94", "testCaseId": "ab634bbf68f36b6abb5efa490d9cd8cd", "fullName": "Tests.test_e2e.Testone#test_shop_items", "labels": [{"name": "tag", "value": "@pytest.mark.usefixtures('setup')"}, {"name": "parentSuite", "value": "Tests"}, {"name": "suite", "value": "test_e2e"}, {"name": "subSuite", "value": "Testone"}, {"name": "host", "value": "DESKTOP-QDQTL22"}, {"name": "thread", "value": "11760-MainThread"}, {"name": "framework", "value": "pytest"}, {"name": "language", "value": "cpython3"}, {"name": "package", "value": "Tests.test_e2e"}]}